2022-03-25 10:08:21,013 - Deng - INFO - starting
2022-03-25 10:11:50,335 - Deng - INFO - starting
2022-03-25 10:12:34,793 - Deng - INFO - starting
2022-03-25 15:10:31,956 - Deng - INFO - optimizer starting at [1.38, 1.24]
2022-03-25 15:10:31,957 - Deng - INFO - optimizer evaluating objective at [1.38 1.24]...
2022-03-25 15:11:39,223 - Deng - INFO - optimizer evaluated [1.38 1.24]: f0=0.7664875716310942
2022-03-25 15:11:39,224 - Deng - INFO - optimizer evaluating jac at [1.38 1.24]...
2022-03-25 15:14:03,306 - Deng - INFO - optimizer evaluated [1.38 1.24]: jac=[ 0.        -0.2804319]
2022-03-25 15:14:03,307 - Deng - INFO - optimizer evaluating objective at [1.38      1.5204319]...
2022-03-25 15:15:11,549 - Deng - INFO - optimizer evaluated [1.38      1.5204319]: f0=0.3919294083498299
2022-03-25 15:15:11,550 - Deng - INFO - optimizer evaluating jac at [1.38      1.5204319]...
2022-03-25 15:17:24,439 - Deng - INFO - optimizer evaluated [1.38      1.5204319]: jac=[-0.65785944  1.37859062]
2022-03-25 15:17:24,439 - Deng - INFO - optimizer evaluating objective at [1.38       1.28740264]...
2022-03-25 15:18:26,090 - Deng - INFO - optimizer evaluated [1.38       1.28740264]: f0=0.6674434114469221
2022-03-25 15:18:26,091 - Deng - INFO - optimizer evaluating jac at [1.38       1.28740264]...
2022-03-25 15:20:44,926 - Deng - INFO - optimizer evaluated [1.38       1.28740264]: jac=[0.         5.47470005]
2022-03-25 15:20:44,927 - Deng - INFO - optimizer evaluating objective at [1.38      1.5057021]...
2022-03-25 15:23:28,070 - Deng - INFO - optimizer starting at [1.38, 1.24]
2022-03-25 15:24:35,784 - Deng - INFO - optimizer evaluated {'mmi_length': 1.38, 'mmi_width': 1.24}: f0=0.7664875716310942
2022-03-25 15:24:35,784 - Deng - INFO - optimizer evaluated {'mmi_length': 1.38, 'mmi_width': 1.24}: f0=0.7664875716310942
2022-03-25 15:25:47,483 - Deng - INFO - optimizer evaluated {'mmi_length': 1.3920120120120119, 'mmi_width': 1.24}: f0=0.7664875716310942
2022-03-25 15:26:51,776 - Deng - INFO - optimizer evaluated {'mmi_length': 1.38, 'mmi_width': 1.246006006006006}: f0=0.7648032959531667
2022-03-25 15:26:51,777 - Deng - INFO - optimizer evaluated {'mmi_length': 1.38, 'mmi_width': 1.24}: jac=[0.0, -0.28043190037492954]
2022-03-25 15:27:58,061 - Deng - INFO - optimizer evaluated {'mmi_length': 1.38, 'mmi_width': 0.9595680996250704}: f0=0.9120410881579383
2022-03-25 15:27:58,061 - Deng - INFO - optimizer evaluated {'mmi_length': 1.38, 'mmi_width': 0.9595680996250704}: f0=0.9120410881579383
2022-03-25 15:29:08,133 - Deng - INFO - optimizer evaluated {'mmi_length': 1.3920120120120119, 'mmi_width': 0.9595680996250704}: f0=0.9181631659761228
2022-03-25 15:30:13,697 - Deng - INFO - optimizer evaluated {'mmi_length': 1.38, 'mmi_width': 0.9655741056310764}: f0=0.9283889909646473
2022-03-25 15:30:13,697 - Deng - INFO - optimizer evaluated {'mmi_length': 1.38, 'mmi_width': 0.9595680996250704}: jac=[0.5096629783638617, 2.721925817317058]
2022-03-25 15:31:20,044 - Deng - INFO - optimizer evaluated {'mmi_length': 1.38, 'mmi_width': 1.2138065686561996}: f0=0.7413594282860874
2022-03-25 15:31:20,045 - Deng - INFO - optimizer evaluated {'mmi_length': 1.38, 'mmi_width': 1.2138065686561996}: f0=0.7413594282860874
2022-03-25 15:32:28,777 - Deng - INFO - optimizer evaluated {'mmi_length': 1.386006006006006, 'mmi_width': 1.2138065686561996}: f0=0.7416991919024477
2022-03-25 15:33:35,190 - Deng - INFO - optimizer evaluated {'mmi_length': 1.38, 'mmi_width': 1.2198125746622057}: f0=0.7593094398295968
2022-03-25 15:33:35,191 - Deng - INFO - optimizer evaluated {'mmi_length': 1.38, 'mmi_width': 1.2138065686561996}: jac=[0.05657064212399737, 2.9886769219943137]
2022-03-25 15:34:41,471 - Deng - INFO - optimizer evaluated {'mmi_length': 1.38, 'mmi_width': 0.9988307554741545}: f0=0.9430992620199716
2022-03-25 15:34:41,472 - Deng - INFO - optimizer evaluated {'mmi_length': 1.38, 'mmi_width': 0.9988307554741545}: f0=0.9430992620199716
2022-03-25 15:35:51,600 - Deng - INFO - optimizer evaluated {'mmi_length': 1.386006006006006, 'mmi_width': 0.9988307554741545}: f0=0.9430992620199716
2022-03-25 15:36:55,036 - Deng - INFO - optimizer evaluated {'mmi_length': 1.38, 'mmi_width': 1.0048367614801605}: f0=0.8940736267076452
2022-03-25 15:36:55,037 - Deng - INFO - optimizer evaluated {'mmi_length': 1.38, 'mmi_width': 0.9988307554741545}: jac=[0.0, -8.162768279502345]
2022-03-25 15:37:53,473 - Deng - INFO - optimizer evaluated {'mmi_length': 1.38, 'mmi_width': 0.9693864772167093}: f0=0.9342964210915123
2022-03-25 15:37:53,474 - Deng - INFO - optimizer evaluated {'mmi_length': 1.38, 'mmi_width': 0.9693864772167093}: f0=0.9342964210915123
2022-03-25 15:38:50,411 - Deng - INFO - optimizer evaluated {'mmi_length': 1.386006006006006, 'mmi_width': 0.9693864772167093}: f0=0.9326834498155411
2022-03-25 15:39:50,602 - Deng - INFO - optimizer evaluated {'mmi_length': 1.38, 'mmi_width': 0.9753924832227153}: f0=0.9348702711156522
2022-03-25 15:39:50,603 - Deng - INFO - optimizer evaluated {'mmi_length': 1.38, 'mmi_width': 0.9693864772167093}: jac=[-0.26855971744921553, 0.09554602901929321]
2022-03-25 15:40:58,427 - Deng - INFO - optimizer evaluated {'mmi_length': 1.1796884762630033, 'mmi_width': 0.8950747782274083}: f0=0.9570464267120017
2022-03-25 15:40:58,427 - Deng - INFO - optimizer evaluated {'mmi_length': 1.1796884762630033, 'mmi_width': 0.8950747782274083}: f0=0.9570464267120017
2022-03-25 15:42:10,364 - Deng - INFO - optimizer evaluated {'mmi_length': 1.1917004882750153, 'mmi_width': 0.8950747782274083}: f0=0.9462971737154138
2022-03-25 15:43:14,325 - Deng - INFO - optimizer evaluated {'mmi_length': 1.1796884762630033, 'mmi_width': 0.9010807842334143}: f0=0.9503034646458677
2022-03-25 15:43:14,325 - Deng - INFO - optimizer evaluated {'mmi_length': 1.1796884762630033, 'mmi_width': 0.8950747782274083}: jac=[-0.8948753119659435, -1.122703184011312]
2022-03-25 15:44:08,053 - Deng - INFO - optimizer evaluated {'mmi_length': 0.3784423813150175, 'mmi_width': 0.5978279822702044}: f0=0.9327101255537052
2022-03-25 15:44:08,053 - Deng - INFO - optimizer evaluated {'mmi_length': 0.3784423813150175, 'mmi_width': 0.5978279822702044}: f0=0.9327101255537052
2022-03-25 15:45:04,947 - Deng - INFO - optimizer evaluated {'mmi_length': 0.3844483873210235, 'mmi_width': 0.5978279822702044}: f0=0.9327101255537052
2022-03-25 15:46:10,193 - Deng - INFO - optimizer evaluated {'mmi_length': 0.3784423813150175, 'mmi_width': 0.6038339882762104}: f0=0.9225080372370698
2022-03-25 15:46:10,194 - Deng - INFO - optimizer evaluated {'mmi_length': 0.3784423813150175, 'mmi_width': 0.5978279822702044}: jac=[0.0, -1.6986477047198096]
2022-03-25 15:47:12,970 - Deng - INFO - optimizer evaluated {'mmi_length': 0.9761401882254357, 'mmi_width': 0.8195623023186568}: f0=0.9540295956250128
2022-03-25 15:47:12,970 - Deng - INFO - optimizer evaluated {'mmi_length': 0.9761401882254357, 'mmi_width': 0.8195623023186568}: f0=0.9540295956250128
2022-03-25 15:48:21,985 - Deng - INFO - optimizer evaluated {'mmi_length': 0.9881522002374477, 'mmi_width': 0.8195623023186568}: f0=0.9589561680460831
2022-03-25 15:49:29,784 - Deng - INFO - optimizer evaluated {'mmi_length': 0.9761401882254357, 'mmi_width': 0.8255683083246628}: f0=0.9475921023943182
2022-03-25 15:49:29,784 - Deng - INFO - optimizer evaluated {'mmi_length': 0.9761401882254357, 'mmi_width': 0.8195623023186568}: jac=[0.4101371540541031, -1.0718426229106401]
2022-03-25 15:50:35,536 - Deng - INFO - optimizer evaluated {'mmi_length': 0.7900193782334755, 'mmi_width': 0.7111545292050239}: f0=0.9754643854562355
2022-03-25 15:50:35,536 - Deng - INFO - optimizer evaluated {'mmi_length': 0.7900193782334755, 'mmi_width': 0.7111545292050239}: f0=0.9754643854562355
2022-03-25 15:51:32,708 - Deng - INFO - optimizer evaluated {'mmi_length': 0.8020313902454874, 'mmi_width': 0.7111545292050239}: f0=0.9740150987722356
2022-03-25 15:52:26,721 - Deng - INFO - optimizer evaluated {'mmi_length': 0.7900193782334755, 'mmi_width': 0.7171605352110298}: f0=0.967228362299491
2022-03-25 15:52:26,722 - Deng - INFO - optimizer evaluated {'mmi_length': 0.7900193782334755, 'mmi_width': 0.7111545292050239}: jac=[-0.1206531164429922, -1.371297855597948]
2022-03-25 15:53:20,546 - Deng - INFO - optimizer evaluated {'mmi_length': 0.04553613826563474, 'mmi_width': 0.27752343675049207}: f0=0.9611291401498012
2022-03-25 15:53:20,547 - Deng - INFO - optimizer evaluated {'mmi_length': 0.04553613826563474, 'mmi_width': 0.27752343675049207}: f0=0.9611291401498012
2022-03-25 15:54:17,230 - Deng - INFO - optimizer evaluated {'mmi_length': 0.05154214427164075, 'mmi_width': 0.27752343675049207}: f0=0.9532202401896638
2022-03-25 15:55:11,900 - Deng - INFO - optimizer evaluated {'mmi_length': 0.04553613826563474, 'mmi_width': 0.28352944275649805}: f0=0.9510456593730214
2022-03-25 15:55:11,900 - Deng - INFO - optimizer evaluated {'mmi_length': 0.04553613826563474, 'mmi_width': 0.27752343675049207}: jac=[-1.3168318433628836, -1.6788995493338343]
2022-03-25 15:56:06,794 - Deng - INFO - optimizer evaluated {'mmi_length': 0.6939280800841776, 'mmi_width': 0.655185271127899}: f0=0.9617433035594543
2022-03-25 15:56:06,795 - Deng - INFO - optimizer evaluated {'mmi_length': 0.6939280800841776, 'mmi_width': 0.655185271127899}: f0=0.9617433035594543
2022-03-25 15:57:05,162 - Deng - INFO - optimizer evaluated {'mmi_length': 0.7059400920961896, 'mmi_width': 0.655185271127899}: f0=0.9658115515506375
2022-03-25 15:57:59,908 - Deng - INFO - optimizer evaluated {'mmi_length': 0.6939280800841776, 'mmi_width': 0.661191277133905}: f0=0.9622119875088239
2022-03-25 15:57:59,909 - Deng - INFO - optimizer evaluated {'mmi_length': 0.6939280800841776, 'mmi_width': 0.655185271127899}: jac=[0.33868164526600275, 0.07803587757003977]
2022-03-25 15:58:54,752 - Deng - INFO - optimizer evaluated {'mmi_length': 0.760719097752738, 'mmi_width': 0.694088312060048}: f0=0.9678059046922451
2022-03-25 15:58:54,752 - Deng - INFO - optimizer evaluated {'mmi_length': 0.760719097752738, 'mmi_width': 0.694088312060048}: f0=0.9678059046922451
2022-03-25 15:59:52,684 - Deng - INFO - optimizer evaluated {'mmi_length': 0.766725103758744, 'mmi_width': 0.694088312060048}: f0=0.9667975216712177
2022-03-25 16:00:47,696 - Deng - INFO - optimizer evaluated {'mmi_length': 0.760719097752738, 'mmi_width': 0.7000943180660539}: f0=0.9616907260559762
2022-03-25 16:00:47,697 - Deng - INFO - optimizer evaluated {'mmi_length': 0.760719097752738, 'mmi_width': 0.694088312060048}: jac=[-0.16789577300107195, -1.0181772429387854]
2022-03-25 16:01:44,080 - Deng - INFO - optimizer evaluated {'mmi_length': 0.785295077747233, 'mmi_width': 0.7084028170495946}: f0=0.97680322263863
2022-03-25 16:01:44,080 - Deng - INFO - optimizer evaluated {'mmi_length': 0.785295077747233, 'mmi_width': 0.7084028170495946}: f0=0.97680322263863
2022-03-25 16:02:43,136 - Deng - INFO - optimizer evaluated {'mmi_length': 0.7913010837532389, 'mmi_width': 0.7084028170495946}: f0=0.97680322263863
2022-03-25 16:03:38,322 - Deng - INFO - optimizer evaluated {'mmi_length': 0.785295077747233, 'mmi_width': 0.7144088230556006}: f0=0.9705555751554433
2022-03-25 16:03:38,323 - Deng - INFO - optimizer evaluated {'mmi_length': 0.785295077747233, 'mmi_width': 0.7084028170495946}: jac=[0.0, -1.040233305950573]
2022-03-25 16:04:34,029 - Deng - INFO - optimizer evaluated {'mmi_length': 0.7761640974170938, 'mmi_width': 0.703084393795486}: f0=0.9593007651242331
2022-03-25 16:04:34,030 - Deng - INFO - optimizer evaluated {'mmi_length': 0.7761640974170938, 'mmi_width': 0.703084393795486}: f0=0.9593007651242331
2022-03-25 16:05:32,030 - Deng - INFO - optimizer evaluated {'mmi_length': 0.7881761094291058, 'mmi_width': 0.703084393795486}: f0=0.9681592360829864
2022-03-25 16:06:27,014 - Deng - INFO - optimizer evaluated {'mmi_length': 0.7761640974170938, 'mmi_width': 0.709090399801492}: f0=0.9626737106751705
2022-03-25 16:06:27,015 - Deng - INFO - optimizer evaluated {'mmi_length': 0.7761640974170938, 'mmi_width': 0.703084393795486}: jac=[0.7374677073162081, 0.5615954342310717]
2022-03-25 16:07:21,964 - Deng - INFO - optimizer evaluated {'mmi_length': 0.7848033113098584, 'mmi_width': 0.7081163831770465}: f0=0.9749319873885383
2022-03-25 16:07:21,965 - Deng - INFO - optimizer evaluated {'mmi_length': 0.7848033113098584, 'mmi_width': 0.7081163831770465}: f0=0.9749319873885383
2022-03-25 16:08:21,470 - Deng - INFO - optimizer evaluated {'mmi_length': 0.7968153233218703, 'mmi_width': 0.7081163831770465}: f0=0.97680322263863
2022-03-25 16:09:24,711 - Deng - INFO - optimizer evaluated {'mmi_length': 0.7848033113098584, 'mmi_width': 0.7141223891830525}: f0=0.9705555751554433
2022-03-25 16:09:24,712 - Deng - INFO - optimizer evaluated {'mmi_length': 0.7848033113098584, 'mmi_width': 0.7081163831770465}: jac=[0.1557803345701337, -0.7286726368103056]
2022-03-25 16:10:32,425 - Deng - INFO - optimizer evaluated {'mmi_length': 0.7852832442101174, 'mmi_width': 0.7083959244973496}: f0=0.97680322263863
2022-03-25 16:10:32,426 - Deng - INFO - optimizer evaluated {'mmi_length': 0.7852832442101174, 'mmi_width': 0.7083959244973496}: f0=0.97680322263863
2022-03-25 16:11:43,923 - Deng - INFO - optimizer evaluated {'mmi_length': 0.7912892502161234, 'mmi_width': 0.7083959244973496}: f0=0.97680322263863
2022-03-25 16:12:51,095 - Deng - INFO - optimizer evaluated {'mmi_length': 0.7852832442101174, 'mmi_width': 0.7144019305033555}: f0=0.9705555751554433
2022-03-25 16:12:51,095 - Deng - INFO - optimizer evaluated {'mmi_length': 0.7852832442101174, 'mmi_width': 0.7083959244973496}: jac=[0.0, -1.040233305950573]
2022-03-25 16:13:58,805 - Deng - INFO - optimizer evaluated {'mmi_length': 0.7852719480426957, 'mmi_width': 0.7083893449410122}: f0=0.97680322263863
2022-03-25 16:13:58,806 - Deng - INFO - optimizer evaluated {'mmi_length': 0.7852719480426957, 'mmi_width': 0.7083893449410122}: f0=0.97680322263863
2022-03-25 16:15:07,239 - Deng - INFO - optimizer evaluated {'mmi_length': 0.7912779540487017, 'mmi_width': 0.7083893449410122}: f0=0.97680322263863
2022-03-25 16:16:10,739 - Deng - INFO - optimizer evaluated {'mmi_length': 0.7852719480426957, 'mmi_width': 0.7143953509470182}: f0=0.9705555751554433
2022-03-25 16:16:10,740 - Deng - INFO - optimizer evaluated {'mmi_length': 0.7852719480426957, 'mmi_width': 0.7083893449410122}: jac=[0.0, -1.040233305950573]
2022-03-25 16:17:14,272 - Deng - INFO - optimizer evaluated {'mmi_length': 0.7850376296762771, 'mmi_width': 0.7082528640590293}: f0=0.97680322263863
2022-03-25 16:17:14,273 - Deng - INFO - optimizer evaluated {'mmi_length': 0.7850376296762771, 'mmi_width': 0.7082528640590293}: f0=0.97680322263863
2022-03-25 16:18:21,223 - Deng - INFO - optimizer evaluated {'mmi_length': 0.7970496416882891, 'mmi_width': 0.7082528640590293}: f0=0.97680322263863
2022-03-25 16:19:24,129 - Deng - INFO - optimizer evaluated {'mmi_length': 0.7850376296762771, 'mmi_width': 0.7142588700650353}: f0=0.9705555751554433
2022-03-25 16:19:24,129 - Deng - INFO - optimizer evaluated {'mmi_length': 0.7850376296762771, 'mmi_width': 0.7082528640590293}: jac=[0.0, -1.040233305950573]
2022-03-25 16:42:00,630 - Deng - INFO - optimizer starting at [0.7852832442101174, 0.7083959244973496]
2022-03-25 16:44:28,776 - Deng - INFO - optimizer starting at [0.7852832442101174, 0.7083959244973496]
2022-03-25 16:51:36,351 - Deng - INFO - optimizer evaluated {'mmi_length': 0.7852832442101174, 'mmi_width': 0.7083959244973496}: f0=0.9663212316562987
2022-03-25 16:51:36,351 - Deng - INFO - optimizer evaluated {'mmi_length': 0.7852832442101174, 'mmi_width': 0.7083959244973496}: f0=0.9663212316562987
2022-03-25 16:58:24,502 - Deng - INFO - optimizer evaluated {'mmi_length': 0.7912892502161234, 'mmi_width': 0.7083959244973496}: f0=0.9669793281672006
2022-03-25 17:04:23,753 - Deng - INFO - optimizer evaluated {'mmi_length': 0.7852832442101174, 'mmi_width': 0.7144019305033555}: f0=0.9651571715534618
2022-03-25 17:04:23,753 - Deng - INFO - optimizer evaluated {'mmi_length': 0.7852832442101174, 'mmi_width': 0.7083959244973496}: jac=[0.1095730690651619, -0.19381600712233926]
2022-03-25 17:10:33,194 - Deng - INFO - optimizer evaluated {'mmi_length': 0.8948563132752794, 'mmi_width': 0.5145799173750103}: f0=0.8891459475774576
2022-03-25 17:10:33,196 - Deng - INFO - optimizer evaluated {'mmi_length': 0.8948563132752794, 'mmi_width': 0.5145799173750103}: f0=0.8891459475774576
2022-03-25 17:47:16,741 - Deng - INFO - optimizer evaluated {'mmi_length': 0.9008623192812854, 'mmi_width': 0.5145799173750103}: f0=0.8896729747582748
2022-03-25 17:54:38,285 - Deng - INFO - optimizer evaluated {'mmi_length': 0.8948563132752794, 'mmi_width': 0.5205859233810163}: f0=0.8847078315445807
2022-03-25 17:54:38,286 - Deng - INFO - optimizer evaluated {'mmi_length': 0.8948563132752794, 'mmi_width': 0.5145799173750103}: jac=[0.0877500256060651, -0.7389463194740065]
2022-03-25 18:01:55,234 - Deng - INFO - optimizer evaluated {'mmi_length': 0.7912611767230595, 'mmi_width': 0.6978219849299889}: f0=0.9634407068276823
2022-03-25 18:01:55,235 - Deng - INFO - optimizer evaluated {'mmi_length': 0.7912611767230595, 'mmi_width': 0.6978219849299889}: f0=0.9634407068276823
2022-03-25 18:09:22,886 - Deng - INFO - optimizer evaluated {'mmi_length': 0.7972671827290655, 'mmi_width': 0.6978219849299889}: f0=0.9549946457910719
2022-03-25 18:16:49,767 - Deng - INFO - optimizer evaluated {'mmi_length': 0.7912611767230595, 'mmi_width': 0.7038279909359949}: f0=0.9635378325265203
2022-03-25 18:16:49,768 - Deng - INFO - optimizer evaluated {'mmi_length': 0.7912611767230595, 'mmi_width': 0.6978219849299889}: jac=[-1.4062691625956478, 0.016171428856511627]
2022-03-25 18:23:52,087 - Deng - INFO - optimizer evaluated {'mmi_length': 0.7867399041739006, 'mmi_width': 0.7058193423104663}: f0=0.9643141772350218
2022-03-25 18:23:52,088 - Deng - INFO - optimizer evaluated {'mmi_length': 0.7867399041739006, 'mmi_width': 0.7058193423104663}: f0=0.9643141772350218
2022-03-25 18:30:28,800 - Deng - INFO - optimizer evaluated {'mmi_length': 0.7927459101799066, 'mmi_width': 0.7058193423104663}: f0=0.964883643626038
2022-03-25 18:36:26,645 - Deng - INFO - optimizer evaluated {'mmi_length': 0.7867399041739006, 'mmi_width': 0.7118253483164723}: f0=0.9654928307974985
2022-03-25 18:36:26,646 - Deng - INFO - optimizer evaluated {'mmi_length': 0.7867399041739006, 'mmi_width': 0.7058193423104663}: jac=[0.09481615410419436, 0.19624581815237152]
2022-03-25 18:42:21,263 - Deng - INFO - optimizer evaluated {'mmi_length': 0.7853554008930876, 'mmi_width': 0.7082682916738848}: f0=0.9663212316562987
2022-03-25 18:42:21,264 - Deng - INFO - optimizer evaluated {'mmi_length': 0.7853554008930876, 'mmi_width': 0.7082682916738848}: f0=0.9663212316562987
2022-03-25 18:48:33,751 - Deng - INFO - optimizer evaluated {'mmi_length': 0.7913614068990936, 'mmi_width': 0.7082682916738848}: f0=0.9664518416709583
2022-03-25 18:54:30,873 - Deng - INFO - optimizer evaluated {'mmi_length': 0.7853554008930876, 'mmi_width': 0.7142742976798908}: f0=0.9651420423313306
2022-03-25 18:54:30,873 - Deng - INFO - optimizer evaluated {'mmi_length': 0.7853554008930876, 'mmi_width': 0.7082682916738848}: jac=[0.0217465674408297, -0.19633502260718488]
2022-03-25 19:00:25,190 - Deng - INFO - optimizer evaluated {'mmi_length': 0.7852996752765724, 'mmi_width': 0.7083668607527612}: f0=0.9663212316562987
2022-03-25 19:00:25,190 - Deng - INFO - optimizer evaluated {'mmi_length': 0.7852996752765724, 'mmi_width': 0.7083668607527612}: f0=0.9663212316562987
2022-03-26 10:16:40,853 - Deng - INFO - optimizer starting at [1.38, 1.28]
2022-03-26 10:17:09,384 - Deng - INFO - optimizer starting at [1.38, 1.28]
2022-03-26 10:19:12,894 - Deng - INFO - optimizer evaluated {'mmi_length': 1.38, 'mmi_width': 1.28}: f0=0.8332609980587689
2022-03-26 10:19:12,895 - Deng - INFO - optimizer evaluated {'mmi_length': 1.38, 'mmi_width': 1.28}: f0=0.8332609980587689
2022-03-26 10:21:19,053 - Deng - INFO - optimizer evaluated {'mmi_length': 1.386006006006006, 'mmi_width': 1.28}: f0=0.8356929379892957
2022-03-26 10:23:20,802 - Deng - INFO - optimizer evaluated {'mmi_length': 1.38, 'mmi_width': 1.2860060060060061}: f0=0.8287398254813895
2022-03-26 10:23:20,803 - Deng - INFO - optimizer evaluated {'mmi_length': 1.38, 'mmi_width': 1.28}: jac=[0.4049179984327149, -0.7527752341336675]
2022-03-26 10:25:22,033 - Deng - INFO - optimizer evaluated {'mmi_length': 1.7849179984327148, 'mmi_width': 0.5272247658663325}: f0=0.9028393013472036
2022-03-26 10:25:22,034 - Deng - INFO - optimizer evaluated {'mmi_length': 1.7849179984327148, 'mmi_width': 0.5272247658663325}: f0=0.9028393013472036
2022-03-26 10:27:27,081 - Deng - INFO - optimizer evaluated {'mmi_length': 1.7969300104447268, 'mmi_width': 0.5272247658663325}: f0=0.9032895808631137
2022-03-26 10:29:28,824 - Deng - INFO - optimizer evaluated {'mmi_length': 1.7849179984327148, 'mmi_width': 0.5332307718723385}: f0=0.9234995640708269
2022-03-26 10:29:28,825 - Deng - INFO - optimizer evaluated {'mmi_length': 1.7849179984327148, 'mmi_width': 0.5272247658663325}: jac=[0.03748576969951964, 3.4399337434832815]
2022-03-26 10:31:31,779 - Deng - INFO - optimizer evaluated {'mmi_length': 1.469515762929196, 'mmi_width': 1.1135829731982716}: f0=0.9038727231265743
2022-03-26 10:31:31,780 - Deng - INFO - optimizer evaluated {'mmi_length': 1.469515762929196, 'mmi_width': 1.1135829731982716}: f0=0.9038727231265743
2022-03-26 10:33:37,260 - Deng - INFO - optimizer evaluated {'mmi_length': 1.475521768935202, 'mmi_width': 1.1135829731982716}: f0=0.905246380903496
2022-03-26 10:35:39,852 - Deng - INFO - optimizer evaluated {'mmi_length': 1.469515762929196, 'mmi_width': 1.1195889792042777}: f0=0.8952131092847226
2022-03-26 10:35:39,852 - Deng - INFO - optimizer evaluated {'mmi_length': 1.469515762929196, 'mmi_width': 1.1135829731982716}: jac=[0.22871401985745743, -1.4418257046683005]
2022-03-26 10:37:41,361 - Deng - INFO - optimizer evaluated {'mmi_length': 1.6538804762180868, 'mmi_width': 0.7708340937974629}: f0=0.8902084878615782
2022-03-26 10:37:41,361 - Deng - INFO - optimizer evaluated {'mmi_length': 1.6538804762180868, 'mmi_width': 0.7708340937974629}: f0=0.8902084878615782
2022-03-26 10:39:47,186 - Deng - INFO - optimizer evaluated {'mmi_length': 1.6598864822240929, 'mmi_width': 0.7708340937974629}: f0=0.9120605163298565
2022-03-26 10:41:49,810 - Deng - INFO - optimizer evaluated {'mmi_length': 1.6538804762180868, 'mmi_width': 0.7768400998034689}: f0=0.877715601419273
2022-03-26 10:41:49,810 - Deng - INFO - optimizer evaluated {'mmi_length': 1.6538804762180868, 'mmi_width': 0.7708340937974629}: jac=[3.6383627399683323, -2.08006559264383]
2022-03-26 10:43:52,401 - Deng - INFO - optimizer evaluated {'mmi_length': 1.4927327389305312, 'mmi_width': 1.070420741307053}: f0=0.8996302370452465
2022-03-26 10:43:52,402 - Deng - INFO - optimizer evaluated {'mmi_length': 1.4927327389305312, 'mmi_width': 1.070420741307053}: f0=0.8996302370452465
2022-03-26 10:46:01,026 - Deng - INFO - optimizer evaluated {'mmi_length': 1.4987387449365372, 'mmi_width': 1.070420741307053}: f0=0.8967926330647368
2022-03-26 10:48:07,209 - Deng - INFO - optimizer evaluated {'mmi_length': 1.4927327389305312, 'mmi_width': 1.076426747313059}: f0=0.9061028322826118
2022-03-26 10:48:07,210 - Deng - INFO - optimizer evaluated {'mmi_length': 1.4927327389305312, 'mmi_width': 1.070420741307053}: jac=[-0.47246106275486427, 1.0776871070213256]
2022-03-26 10:50:19,523 - Deng - INFO - optimizer evaluated {'mmi_length': 1.4795246395716304, 'mmi_width': 1.0949756638490045}: f0=0.9077900409439089
2022-03-26 10:50:19,524 - Deng - INFO - optimizer evaluated {'mmi_length': 1.4795246395716304, 'mmi_width': 1.0949756638490045}: f0=0.9077900409439089
2022-03-26 10:52:27,893 - Deng - INFO - optimizer evaluated {'mmi_length': 1.4855306455776365, 'mmi_width': 1.0949756638490045}: f0=0.9079541907636569
2022-03-26 10:54:31,482 - Deng - INFO - optimizer evaluated {'mmi_length': 1.4795246395716304, 'mmi_width': 1.1009816698550106}: f0=0.9008761698299333
2022-03-26 10:54:31,483 - Deng - INFO - optimizer evaluated {'mmi_length': 1.4795246395716304, 'mmi_width': 1.0949756638490045}: jac=[0.027330944988041006, -1.151159540476932]
2022-03-26 12:28:37,634 - Deng - INFO - optimizer evaluated {'mmi_length': 1.488241985148505, 'mmi_width': 1.0787694149713165}: f0=0.9008392200343799
2022-03-26 12:28:37,634 - Deng - INFO - optimizer evaluated {'mmi_length': 1.488241985148505, 'mmi_width': 1.0787694149713165}: f0=0.9008392200343799
2022-03-26 12:30:48,835 - Deng - INFO - optimizer evaluated {'mmi_length': 1.494247991154511, 'mmi_width': 1.0787694149713165}: f0=0.8944895643648298
2022-03-26 12:32:53,515 - Deng - INFO - optimizer evaluated {'mmi_length': 1.488241985148505, 'mmi_width': 1.0847754209773226}: f0=0.8938667707317505
2022-03-26 12:32:53,515 - Deng - INFO - optimizer evaluated {'mmi_length': 1.488241985148505, 'mmi_width': 1.0787694149713165}: jac=[-1.057217668980081, -1.1609128088877974]
2022-03-26 12:34:57,972 - Deng - INFO - optimizer evaluated {'mmi_length': 1.5332730154372645, 'mmi_width': 0.9201738616663457}: f0=0.4258375320843275
2022-03-26 12:34:57,973 - Deng - INFO - optimizer evaluated {'mmi_length': 1.5332730154372645, 'mmi_width': 0.9201738616663457}: f0=0.4258375320843275
2022-03-26 12:37:05,369 - Deng - INFO - optimizer evaluated {'mmi_length': 1.5392790214432706, 'mmi_width': 0.9201738616663457}: f0=0.4211332646807596
2022-03-26 12:39:10,248 - Deng - INFO - optimizer evaluated {'mmi_length': 1.5332730154372645, 'mmi_width': 0.9261798676723517}: f0=0.42198520442321114
2022-03-26 12:39:10,248 - Deng - INFO - optimizer evaluated {'mmi_length': 1.5332730154372645, 'mmi_width': 0.9201738616663457}: jac=[-0.783260522694053, -0.6414125555758761]
2022-03-26 12:41:17,620 - Deng - INFO - optimizer evaluated {'mmi_length': 1.490055473018783, 'mmi_width': 1.0723824611229527}: f0=0.8967926330647368
2022-03-26 12:41:17,620 - Deng - INFO - optimizer evaluated {'mmi_length': 1.490055473018783, 'mmi_width': 1.0723824611229527}: f0=0.8967926330647368
2022-03-26 12:43:34,544 - Deng - INFO - optimizer evaluated {'mmi_length': 1.496061479024789, 'mmi_width': 1.0723824611229527}: f0=0.8991255564891754
2022-03-26 12:45:46,268 - Deng - INFO - optimizer evaluated {'mmi_length': 1.490055473018783, 'mmi_width': 1.0783884671289587}: f0=0.9008392200343799
2022-03-26 12:45:46,269 - Deng - INFO - optimizer evaluated {'mmi_length': 1.490055473018783, 'mmi_width': 1.0723824611229527}: jac=[0.3884317501690239, 0.6737567304455773]
2022-03-26 12:47:36,841 - Deng - INFO - optimizer starting at [1.7849179984327148, 0.5332307718723385]
2022-03-26 12:49:40,492 - Deng - INFO - optimizer evaluated {'mmi_length': 1.7849179984327148, 'mmi_width': 0.5332307718723385}: f0=0.9234995640708269
2022-03-26 12:49:40,493 - Deng - INFO - optimizer evaluated {'mmi_length': 1.7849179984327148, 'mmi_width': 0.5332307718723385}: f0=0.9234995640708269
2022-03-26 12:51:46,922 - Deng - INFO - optimizer evaluated {'mmi_length': 2.172417998432715, 'mmi_width': 0.5332307718723385}: f0=0.9291172607885501
2022-03-26 12:53:51,009 - Deng - INFO - optimizer evaluated {'mmi_length': 1.7849179984327148, 'mmi_width': 0.9207307718723385}: f0=0.44832320882334764
2022-03-26 12:53:51,009 - Deng - INFO - optimizer evaluated {'mmi_length': 1.7849179984327148, 'mmi_width': 0.5332307718723385}: jac=[0.01449728185218881, -1.2262615619289787]
2022-03-26 12:55:54,630 - Deng - INFO - optimizer evaluated {'mmi_length': 1.7968577280753273, 'mmi_width': -0.4766986528183482}: f0=0.11828986802304747
2022-03-26 12:55:54,630 - Deng - INFO - optimizer evaluated {'mmi_length': 1.7968577280753273, 'mmi_width': -0.4766986528183482}: f0=0.11828986802304747
2022-03-26 12:58:00,141 - Deng - INFO - optimizer evaluated {'mmi_length': 2.1843577280753275, 'mmi_width': -0.4766986528183482}: f0=0.1327662601356018
2022-03-26 12:59:06,251 - Deng - INFO - optimizer starting at [1.7849179984327148, 0.5332307718723385]
2022-03-26 13:01:08,227 - Deng - INFO - optimizer evaluated {'mmi_length': 1.7849179984327148, 'mmi_width': 0.5332307718723385}: f0=0.9234995640708269
2022-03-26 13:01:08,228 - Deng - INFO - optimizer evaluated {'mmi_length': 1.7849179984327148, 'mmi_width': 0.5332307718723385}: f0=0.9234995640708269
2022-03-26 13:03:13,129 - Deng - INFO - optimizer evaluated {'mmi_length': 1.7969300104447268, 'mmi_width': 0.5332307718723385}: f0=0.9238549753319655
2022-03-26 13:05:14,789 - Deng - INFO - optimizer evaluated {'mmi_length': 1.7849179984327148, 'mmi_width': 0.5392367778783445}: f0=0.908625853544772
2022-03-26 13:05:14,789 - Deng - INFO - optimizer evaluated {'mmi_length': 1.7849179984327148, 'mmi_width': 0.5332307718723385}: jac=[0.029587987489787027, -2.476472802588142]
2022-03-26 13:07:16,930 - Deng - INFO - optimizer evaluated {'mmi_length': 1.7969842463081573, 'mmi_width': -0.4766971491508444}: f0=0.12404511263809623
2022-03-26 13:07:16,931 - Deng - INFO - optimizer evaluated {'mmi_length': 1.7969842463081573, 'mmi_width': -0.4766971491508444}: f0=0.12404511263809623
2022-03-26 13:09:21,870 - Deng - INFO - optimizer evaluated {'mmi_length': 1.8029902523141634, 'mmi_width': -0.4766971491508444}: f0=0.12404511263809623
2022-03-26 13:22:08,989 - Deng - INFO - optimizer starting at [1.7849179984327148, 0.5332307718723385]
2022-03-26 13:22:28,778 - Deng - INFO - optimizer starting at [1.7849179984327148, 0.5332307718723385]
2022-03-26 13:36:36,660 - Deng - INFO - optimizer evaluated {'mmi_length': 1.7849179984327148, 'mmi_width': 0.5332307718723385}: f0=0.9330820180316493
2022-03-26 13:36:36,660 - Deng - INFO - optimizer evaluated {'mmi_length': 1.7849179984327148, 'mmi_width': 0.5332307718723385}: f0=0.9330820180316493
2022-03-26 13:51:17,258 - Deng - INFO - optimizer evaluated {'mmi_length': 1.790924004438721, 'mmi_width': 0.5332307718723385}: f0=0.9338490417909056
2022-03-26 14:05:38,392 - Deng - INFO - optimizer evaluated {'mmi_length': 1.7849179984327148, 'mmi_width': 0.5392367778783445}: f0=0.9246471132478719
2022-03-26 14:05:38,392 - Deng - INFO - optimizer evaluated {'mmi_length': 1.7849179984327148, 'mmi_width': 0.5332307718723385}: jac=[0.12770945591617433, -1.4044116464989367]
2022-03-26 14:20:23,453 - Deng - INFO - optimizer evaluated {'mmi_length': 1.8763844395257236, 'mmi_width': -0.4726190629209964}: f0=0.12850034533553908
2022-03-26 14:20:23,454 - Deng - INFO - optimizer evaluated {'mmi_length': 1.8763844395257236, 'mmi_width': -0.4726190629209964}: f0=0.12850034533553908
2022-03-26 14:28:03,457 - Deng - INFO - optimizer starting at [1.7849179984327148, 0.5332307718723385]
2022-03-26 14:44:09,338 - Deng - INFO - optimizer evaluated {'mmi_length': 1.7849179984327148, 'mmi_width': 0.5332307718723385}: f0=0.9198094903285025
2022-03-26 14:44:09,339 - Deng - INFO - optimizer evaluated {'mmi_length': 1.7849179984327148, 'mmi_width': 0.5332307718723385}: f0=0.9198094903285025
